<?xml version="1.0" encoding="UTF-8"?>
<!-- Generated by org.testng.reporters.JUnitReportReporter -->
<testsuite hostname="DESKTOP-08VGCD0" failures="0" tests="3" name="xml_study_testNG.MyTest" time="0.020" errors="0" timestamp="2022-06-17T22:50:48 IST" skipped="0">
  <testcase classname="xml_study_testNG.MyTest" name="mymethod1" time="0.015"/>
  <system-out>
    <![CDATA[myMethod1 is running]]>
  </system-out>
  <testcase classname="xml_study_testNG.MyTest" name="mymethod5" time="0.002"/>
  <system-out>
    <![CDATA[myMethod5 is running]]>
  </system-out>
  <testcase classname="xml_study_testNG.MyTest" name="mymethod2" time="0.003"/>
  <system-out>
    <![CDATA[myMethod2 is running]]>
  </system-out>
</testsuite> <!-- xml_study_testNG.MyTest -->
