<?xml version="1.0" encoding="UTF-8"?>
<!-- Generated by org.testng.reporters.JUnitReportReporter -->
<testsuite hostname="DESKTOP-08VGCD0" failures="0" tests="3" name="testNG_Grouping.MyTest" time="0.016" errors="0" timestamp="2022-06-23T03:05:15 IST" skipped="0">
  <testcase classname="testNG_Grouping.MyTest" name="mymethod1" time="0.016"/>
  <system-out>
    <![CDATA[myMethod1 sanity is running]]>
  </system-out>
  <testcase classname="testNG_Grouping.MyTest" name="mymethod2" time="0.000"/>
  <system-out>
    <![CDATA[myMethod2 sanity is running]]>
  </system-out>
  <testcase classname="testNG_Grouping.MyTest" name="mymethod3" time="0.000"/>
  <system-out>
    <![CDATA[myMethod3 sanity is running]]>
  </system-out>
</testsuite> <!-- testNG_Grouping.MyTest -->
