<?xml version="1.0" encoding="UTF-8"?>
<!-- Generated by org.testng.reporters.JUnitReportReporter -->
<testsuite hostname="DESKTOP-08VGCD0" failures="0" tests="1" name="testNG_annotation.Annotation" time="0.024" errors="0" timestamp="2022-06-23T01:28:53 IST" skipped="0">
  <testcase classname="testNG_annotation.Annotation" name="test1" time="0.024"/>
  <system-out>
    <![CDATA[Test1 is running]]>
  </system-out>
</testsuite> <!-- testNG_annotation.Annotation -->
