<?xml version="1.0" encoding="UTF-8"?>
<!-- Generated by org.testng.reporters.JUnitReportReporter -->
<testsuite hostname="DESKTOP-08VGCD0" failures="0" tests="1" name="testNG.NewTest" time="22.313" errors="0" timestamp="2022-06-09T17:12:15 IST" skipped="0">
  <testcase classname="testNG.NewTest" name="method1" time="22.313"/>
  <system-out/>
</testsuite> <!-- testNG.NewTest -->
