<?xml version="1.0" encoding="UTF-8"?>
<!-- Generated by org.testng.reporters.JUnitReportReporter -->
<testsuite hostname="DESKTOP-08VGCD0" failures="0" tests="4" name="testNG_Keywords.Invocstion_count_use" time="0.046" errors="0" timestamp="2022-06-14T16:05:22 IST" skipped="0">
  <testcase classname="testNG_Keywords.Invocstion_count_use" name="Method1" time="0.031"/>
  <system-out>
    <![CDATA[Method 1 is running]]>
  </system-out>
  <testcase classname="testNG_Keywords.Invocstion_count_use" name="Method1" time="0.015"/>
  <system-out>
    <![CDATA[Method 1 is running]]>
  </system-out>
  <testcase classname="testNG_Keywords.Invocstion_count_use" name="Method2" time="0.000"/>
  <system-out>
    <![CDATA[Method 2 is running]]>
  </system-out>
  <testcase classname="testNG_Keywords.Invocstion_count_use" name="Method1" time="0.000"/>
  <system-out>
    <![CDATA[Method 1 is running]]>
  </system-out>
</testsuite> <!-- testNG_Keywords.Invocstion_count_use -->
