<?xml version="1.0" encoding="UTF-8"?>
<!-- Generated by org.testng.reporters.JUnitReportReporter -->
<testsuite hostname="DESKTOP-08VGCD0" failures="0" tests="3" name="testNG.myClass" time="50.043" errors="0" timestamp="2022-06-10T17:01:10 IST" skipped="0">
  <testcase classname="testNG.myClass" name="m1" time="25.856"/>
  <system-out/>
  <testcase classname="testNG.myClass" name="m3" time="9.846"/>
  <system-out>
    <![CDATA[method 3 is pass]]>
  </system-out>
  <testcase classname="testNG.myClass" name="m2" time="14.341"/>
  <system-out>
    <![CDATA[method 2 is pass]]>
  </system-out>
</testsuite> <!-- testNG.myClass -->
