<?xml version="1.0" encoding="UTF-8"?>
<!-- Generated by org.testng.reporters.JUnitReportReporter -->
<testsuite hostname="DESKTOP-08VGCD0" failures="0" tests="1" name="testNG_Verification_Assert.Assert_True_and_False" time="0.029" errors="0" timestamp="2022-06-23T22:37:36 IST" skipped="0">
  <testcase classname="testNG_Verification_Assert.Assert_True_and_False" name="TC1" time="0.029"/>
  <system-out>
    <![CDATA[TC 1 is running
TC1 is running]]>
  </system-out>
</testsuite> <!-- testNG_Verification_Assert.Assert_True_and_False -->
