<?xml version="1.0" encoding="UTF-8"?>
<!-- Generated by org.testng.reporters.JUnitReportReporter -->
<testsuite hostname="DESKTOP-08VGCD0" failures="0" tests="1" name="testNG.Annotation_study" time="0.012" errors="0" timestamp="2022-06-10T17:01:10 IST" skipped="0">
  <testcase classname="testNG.Annotation_study" name="test" time="0.012"/>
  <system-out>
    <![CDATA[test case is pass]]>
  </system-out>
</testsuite> <!-- testNG.Annotation_study -->
