<?xml version="1.0" encoding="UTF-8"?>
<!-- Generated by org.testng.reporters.JUnitReportReporter -->
<testsuite hostname="DESKTOP-08VGCD0" failures="0" tests="4" name="testNG_Keywords.PriorityUse" time="0.029" errors="0" timestamp="2022-06-14T16:15:38 IST" skipped="0">
  <testcase classname="testNG_Keywords.PriorityUse" name="D" time="0.019"/>
  <system-out>
    <![CDATA[D is running]]>
  </system-out>
  <testcase classname="testNG_Keywords.PriorityUse" name="B" time="0.004"/>
  <system-out>
    <![CDATA[B is running]]>
  </system-out>
  <testcase classname="testNG_Keywords.PriorityUse" name="A" time="0.004"/>
  <system-out>
    <![CDATA[A is running]]>
  </system-out>
  <testcase classname="testNG_Keywords.PriorityUse" name="C" time="0.002"/>
  <system-out>
    <![CDATA[C is running]]>
  </system-out>
</testsuite> <!-- testNG_Keywords.PriorityUse -->
