<?xml version="1.0" encoding="UTF-8"?>
<!-- Generated by org.testng.reporters.JUnitReportReporter -->
<testsuite hostname="DESKTOP-08VGCD0" failures="0" tests="2" name="testNG_Grouping.MyTest1" time="0.000" errors="0" timestamp="2022-06-23T03:05:15 IST" skipped="0">
  <testcase classname="testNG_Grouping.MyTest1" name="mymethod9" time="0.000"/>
  <system-out>
    <![CDATA[myMethod9 sanity is running]]>
  </system-out>
  <testcase classname="testNG_Grouping.MyTest1" name="mymethod10" time="0.000"/>
  <system-out>
    <![CDATA[myMethod10 sanity is running]]>
  </system-out>
</testsuite> <!-- testNG_Grouping.MyTest1 -->
