<?xml version="1.0" encoding="UTF-8"?>
<!-- Generated by org.testng.reporters.JUnitReportReporter -->
<testsuite hostname="DESKTOP-08VGCD0" failures="0" tests="1" name="testNG_Cross_browser.Cross_browser_Kite_Test_" time="6.603" errors="0" timestamp="2022-06-28T18:36:21 IST" skipped="0">
  <testcase classname="testNG_Cross_browser.Cross_browser_Kite_Test_" name="verifyKiteLogin" time="6.603"/>
  <system-out/>
</testsuite> <!-- testNG_Cross_browser.Cross_browser_Kite_Test_ -->
