<?xml version="1.0" encoding="UTF-8"?>
<!-- Generated by org.testng.reporters.JUnitReportReporter -->
<testsuite hostname="DESKTOP-08VGCD0" failures="0" tests="1" name="testNG_Soft_Assert.Asser_Equals_and_NOtEquals" time="0.022" errors="0" timestamp="2022-06-23T23:18:27 IST" skipped="0">
  <testcase classname="testNG_Soft_Assert.Asser_Equals_and_NOtEquals" name="TC1" time="0.022"/>
  <system-out>
    <![CDATA[TC1 is running
TC1 is running]]>
  </system-out>
</testsuite> <!-- testNG_Soft_Assert.Asser_Equals_and_NOtEquals -->
