<?xml version="1.0" encoding="UTF-8"?>
<!-- Generated by org.testng.reporters.JUnitReportReporter -->
<testsuite hostname="DESKTOP-08VGCD0" failures="0" tests="6" name="testNG_annotation.NewTest1" time="59.761" errors="0" timestamp="2022-06-23T03:46:03 IST" skipped="0">
  <testcase classname="testNG_annotation.NewTest1" name="m3" time="7.450"/>
  <system-out>
    <![CDATA[jio is launch TC is pass]]>
  </system-out>
  <testcase classname="testNG_annotation.NewTest1" name="m1" time="12.059"/>
  <system-out>
    <![CDATA[Kite app is launch TC is pass]]>
  </system-out>
  <testcase classname="testNG_annotation.NewTest1" name="m2" time="11.412"/>
  <system-out>
    <![CDATA[facebook is launch TC is pass]]>
  </system-out>
  <testcase classname="testNG_annotation.NewTest1" name="m1" time="6.373"/>
  <system-out>
    <![CDATA[Kite app is launch TC is pass]]>
  </system-out>
  <testcase classname="testNG_annotation.NewTest1" name="m2" time="11.482"/>
  <system-out>
    <![CDATA[facebook is launch TC is pass]]>
  </system-out>
  <testcase classname="testNG_annotation.NewTest1" name="m3" time="10.985"/>
  <system-out>
    <![CDATA[jio is launch TC is pass]]>
  </system-out>
</testsuite> <!-- testNG_annotation.NewTest1 -->
