<?xml version="1.0" encoding="UTF-8"?>
<!-- Generated by org.testng.reporters.JUnitReportReporter -->
<testsuite hostname="DESKTOP-08VGCD0" failures="0" tests="1" name="testNG_Verification.Verification" time="19.093" errors="0" timestamp="2022-06-23T05:06:30 IST" skipped="0">
  <testcase classname="testNG_Verification.Verification" name="MyTC" time="19.093"/>
  <system-out>
    <![CDATA[TC is fail]]>
  </system-out>
</testsuite> <!-- testNG_Verification.Verification -->
