<?xml version="1.0" encoding="UTF-8"?>
<!-- Generated by org.testng.reporters.JUnitReportReporter -->
<testsuite hostname="DESKTOP-08VGCD0" failures="0" tests="3" name="xml_study_testNG.MyTest1" time="0.010" errors="0" timestamp="2022-06-17T22:50:48 IST" skipped="0">
  <testcase classname="xml_study_testNG.MyTest1" name="mymethod8" time="0.002"/>
  <system-out>
    <![CDATA[myMethod8 is running]]>
  </system-out>
  <testcase classname="xml_study_testNG.MyTest1" name="mymethod7" time="0.004"/>
  <system-out>
    <![CDATA[myMethod7 is running]]>
  </system-out>
  <testcase classname="xml_study_testNG.MyTest1" name="mymethod9" time="0.004"/>
  <system-out>
    <![CDATA[myMethod9 is running]]>
  </system-out>
</testsuite> <!-- xml_study_testNG.MyTest1 -->
