<?xml version="1.0" encoding="UTF-8"?>
<!-- Generated by org.testng.reporters.JUnitReportReporter -->
<testsuite hostname="DESKTOP-08VGCD0" failures="0" tests="1" name="testNG_Cross_browser.CrossBrowserTesting" time="6.295" errors="0" timestamp="2022-06-27T00:20:15 IST" skipped="0">
  <testcase classname="testNG_Cross_browser.CrossBrowserTesting" name="TestCaseKitePage" time="6.295"/>
  <system-out>
    <![CDATA[TC pass Id matches]]>
  </system-out>
</testsuite> <!-- testNG_Cross_browser.CrossBrowserTesting -->
