<?xml version="1.0" encoding="UTF-8"?>
<!-- Generated by org.testng.reporters.JUnitReportReporter -->
<testsuite hostname="DESKTOP-08VGCD0" failures="0" tests="4" name="testNG_Keywords.Enabled_use" time="0.016" errors="0" timestamp="2022-06-23T01:37:08 IST" skipped="1">
  <testcase classname="testNG_Keywords.Enabled_use" name="B" time="0.000"/>
  <system-out>
    <![CDATA[B is running]]>
  </system-out>
  <testcase classname="testNG_Keywords.Enabled_use" name="A" time="0.016"/>
  <system-out>
    <![CDATA[A is running]]>
  </system-out>
  <testcase classname="testNG_Keywords.Enabled_use" name="D" time="0.000"/>
  <system-out>
    <![CDATA[D is running]]>
  </system-out>
  <testcase classname="testNG_Keywords.Enabled_use" name="C">
    <skipped/>
  </testcase> <!-- C -->
  <system-out/>
</testsuite> <!-- testNG_Keywords.Enabled_use -->
